
> profit-club@0.1.0 bot:start
> tsx telegram-bot/index.ts


node:internal/modules/run_main:123
    triggerUncaughtException(
    ^
Error: Transform failed with 1 error:
C:\Users\Fortn\Downloads\Profit Club\telegram-bot\index.ts:285:4: ERROR: Unexpected "catch"
    at failureErrorWithLog (C:\Users\Fortn\Downloads\Profit Club\node_modules\esbuild\lib\main.js:1467:15)
    at C:\Users\Fortn\Downloads\Profit Club\node_modules\esbuild\lib\main.js:736:50
    at responseCallbacks.<computed> (C:\Users\Fortn\Downloads\Profit Club\node_modules\esbuild\lib\main.js:603:9)
    at handleIncomingPacket (C:\Users\Fortn\Downloads\Profit Club\node_modules\esbuild\lib\main.js:658:12)
    at Socket.readFromStdout (C:\Users\Fortn\Downloads\Profit Club\node_modules\esbuild\lib\main.js:581:7)
    at Socket.emit (node:events:519:28)
    at addChunk (node:internal/streams/readable:561:12)
    at readableAddChunkPushByteMode (node:internal/streams/readable:512:3)
    at Readable.push (node:internal/streams/readable:392:5)
    at Pipe.onStreamRead (node:internal/stream_base_commons:189:23) {
  name: 'TransformError'
}

Node.js v22.20.0
